<?xml version="1.0" encoding="UTF-8"?>
<!-- Generated by org.testng.reporters.JUnitXMLReporter -->
<testsuite ignored="0" hostname="DESKTOP-LH8QS6H" failures="1" tests="2" name="errorValidation" time="19.021" errors="0" timestamp="2023-09-28T00:05:03 EEST">
  <testcase classname="EcommeraceFrameworks.Tests.ErrorValidationTest" name="logINErrorValidation" time="1.427">
    <failure type="java.lang.AssertionError" message="expected [Incorrect email  password.] but found [Incorrect email or password.]">
      <![CDATA[java.lang.AssertionError: expected [Incorrect email  password.] but found [Incorrect email or password.]
at EcommeraceFrameworks.Tests.ErrorValidationTest.logINErrorValidation(ErrorValidationTest.java:20)
at java.base/java.util.ArrayList.forEach(ArrayList.java:1511)
... Removed 33 stack frames]]>
    </failure>
  </testcase> <!-- logINErrorValidation -->
  <testcase classname="EcommeraceFrameworks.Tests.ErrorValidationTest" name="orderErrorValidation" time="5.744"/>
</testsuite> <!-- errorValidation -->
